This file contains any messages produced by compilers while
running configure, to aid debugging if configure makes a mistake.

It was created by configure, which was
generated by GNU Autoconf 2.69.  Invocation command line was

  $ ./configure --enable-phpjs

## --------- ##
## Platform. ##
## --------- ##

hostname = daves.app
uname -m = armv7l
uname -r = 4.14.55-146
uname -s = Linux
uname -v = #1 SMP PREEMPT Wed Jul 11 22:31:01 -03 2018

/usr/bin/uname -p = unknown
/bin/uname -X     = unknown

/bin/arch              = unknown
/usr/bin/arch -k       = unknown
/usr/convex/getsysinfo = unknown
/usr/bin/hostinfo      = unknown
/bin/machine           = unknown
/usr/bin/oslevel       = unknown
/bin/universe          = unknown

PATH: /usr/local/sbin
PATH: /usr/local/bin
PATH: /usr/sbin
PATH: /usr/bin
PATH: /sbin
PATH: /bin
PATH: /usr/games
PATH: /usr/local/games
PATH: /snap/bin


## ----------- ##
## Core tests. ##
## ----------- ##

configure:2097: checking for grep that handles long lines and -e
configure:2155: result: /bin/grep
configure:2160: checking for egrep
configure:2222: result: /bin/grep -E
configure:2227: checking for a sed that does not truncate output
configure:2291: result: /bin/sed
configure:2430: checking for cc
configure:2446: found /usr/bin/cc
configure:2457: result: cc
configure:2488: checking for C compiler version
configure:2497: cc --version >&5
cc (Ubuntu/Linaro 7.3.0-16ubuntu3) 7.3.0
Copyright (C) 2017 Free Software Foundation, Inc.
This is free software; see the source for copying conditions.  There is NO
warranty; not even for MERCHANTABILITY or FITNESS FOR A PARTICULAR PURPOSE.

configure:2508: $? = 0
configure:2497: cc -v >&5
Using built-in specs.
COLLECT_GCC=cc
COLLECT_LTO_WRAPPER=/usr/lib/gcc/arm-linux-gnueabihf/7/lto-wrapper
Target: arm-linux-gnueabihf
Configured with: ../src/configure -v --with-pkgversion='Ubuntu/Linaro 7.3.0-16ubuntu3' --with-bugurl=file:///usr/share/doc/gcc-7/README.Bugs --enable-languages=c,ada,c++,go,d,fortran,objc,obj-c++ --prefix=/usr --with-gcc-major-version-only --with-as=/usr/bin/arm-linux-gnueabihf-as --with-ld=/usr/bin/arm-linux-gnueabihf-ld --program-suffix=-7 --program-prefix=arm-linux-gnueabihf- --enable-shared --enable-linker-build-id --libexecdir=/usr/lib --without-included-gettext --enable-threads=posix --libdir=/usr/lib --enable-nls --with-sysroot=/ --enable-clocale=gnu --enable-libstdcxx-debug --enable-libstdcxx-time=yes --with-default-libstdcxx-abi=new --enable-gnu-unique-object --disable-libitm --disable-libquadmath --disable-libquadmath-support --enable-plugin --enable-default-pie --with-system-zlib --with-target-system-zlib --enable-objc-gc=auto --enable-multiarch --enable-multilib --disable-sjlj-exceptions --with-arch=armv7-a --with-fpu=vfpv3-d16 --with-float=hard --with-mode=thumb --disable-werror --enable-multilib --enable-checking=release --build=arm-linux-gnueabihf --host=arm-linux-gnueabihf --target=arm-linux-gnueabihf
Thread model: posix
gcc version 7.3.0 (Ubuntu/Linaro 7.3.0-16ubuntu3) 
configure:2508: $? = 0
configure:2497: cc -V >&5
cc: error: unrecognized command line option '-V'
cc: fatal error: no input files
compilation terminated.
configure:2508: $? = 1
configure:2497: cc -qversion >&5
cc: error: unrecognized command line option '-qversion'; did you mean '--version'?
cc: fatal error: no input files
compilation terminated.
configure:2508: $? = 1
configure:2528: checking whether the C compiler works
configure:2550: cc    conftest.c  >&5
configure:2554: $? = 0
configure:2602: result: yes
configure:2605: checking for C compiler default output file name
configure:2607: result: a.out
configure:2613: checking for suffix of executables
configure:2620: cc -o conftest    conftest.c  >&5
configure:2624: $? = 0
configure:2646: result: 
configure:2668: checking whether we are cross compiling
configure:2676: cc -o conftest    conftest.c  >&5
configure:2680: $? = 0
configure:2687: ./conftest
configure:2691: $? = 0
configure:2706: result: no
configure:2711: checking for suffix of object files
configure:2733: cc -c   conftest.c >&5
configure:2737: $? = 0
configure:2758: result: o
configure:2762: checking whether we are using the GNU C compiler
configure:2781: cc -c   conftest.c >&5
configure:2781: $? = 0
configure:2790: result: yes
configure:2799: checking whether cc accepts -g
configure:2819: cc -c -g  conftest.c >&5
configure:2819: $? = 0
configure:2860: result: yes
configure:2877: checking for cc option to accept ISO C89
configure:2940: cc  -c -g -O2  conftest.c >&5
configure:2940: $? = 0
configure:2953: result: none needed
configure:2979: checking how to run the C preprocessor
configure:3010: cc -E  conftest.c
configure:3010: $? = 0
configure:3024: cc -E  conftest.c
conftest.c:9:10: fatal error: ac_nonexistent.h: No such file or directory
 #include <ac_nonexistent.h>
          ^~~~~~~~~~~~~~~~~~
compilation terminated.
configure:3024: $? = 1
configure: failed program was:
| /* confdefs.h */
| #define PACKAGE_NAME ""
| #define PACKAGE_TARNAME ""
| #define PACKAGE_VERSION ""
| #define PACKAGE_STRING ""
| #define PACKAGE_BUGREPORT ""
| #define PACKAGE_URL ""
| /* end confdefs.h.  */
| #include <ac_nonexistent.h>
configure:3049: result: cc -E
configure:3069: cc -E  conftest.c
configure:3069: $? = 0
configure:3083: cc -E  conftest.c
conftest.c:9:10: fatal error: ac_nonexistent.h: No such file or directory
 #include <ac_nonexistent.h>
          ^~~~~~~~~~~~~~~~~~
compilation terminated.
configure:3083: $? = 1
configure: failed program was:
| /* confdefs.h */
| #define PACKAGE_NAME ""
| #define PACKAGE_TARNAME ""
| #define PACKAGE_VERSION ""
| #define PACKAGE_STRING ""
| #define PACKAGE_BUGREPORT ""
| #define PACKAGE_URL ""
| /* end confdefs.h.  */
| #include <ac_nonexistent.h>
configure:3114: checking for icc
configure:3123: result: no
configure:3137: checking for suncc
configure:3146: result: no
configure:3164: checking whether cc understands -c and -o together
configure:3192: cc -c conftest.c -o conftest2.o >&5
configure:3196: $? = 0
configure:3202: cc -c conftest.c -o conftest2.o >&5
configure:3206: $? = 0
configure:3261: result: yes
configure:3275: checking for system library directory
configure:3290: result: lib
configure:3297: checking if compiler supports -R
configure:3316: cc -o conftest -g -O2   conftest.c -R /usr/lib  >&5
configure:3316: $? = 0
configure:3326: result: yes
configure:3405: checking build system type
configure:3419: result: armv7l-unknown-linux-gnueabihf
configure:3439: checking host system type
configure:3452: result: armv7l-unknown-linux-gnueabihf
configure:3472: checking target system type
configure:3485: result: armv7l-unknown-linux-gnueabihf
configure:3588: checking for PHP prefix
configure:3590: result: /usr
configure:3592: checking for PHP includes
configure:3594: result: -I/usr/include/php/20170718 -I/usr/include/php/20170718/main -I/usr/include/php/20170718/TSRM -I/usr/include/php/20170718/Zend -I/usr/include/php/20170718/ext -I/usr/include/php/20170718/ext/date/lib -D_LARGEFILE_SOURCE -D_FILE_OFFSET_BITS=64
configure:3596: checking for PHP extension directory
configure:3598: result: /usr/lib/php/20170718
configure:3600: checking for PHP installed headers prefix
configure:3602: result: /usr/include/php/20170718
configure:3605: checking if debug is enabled
configure:3631: result: no
configure:3634: checking if zts is enabled
configure:3660: result: no
configure:3731: checking for re2c
configure:3747: found /usr/bin/re2c
configure:3758: result: re2c
configure:3767: checking for re2c version
configure:3781: result: 1.0.1 (ok)
configure:3800: checking for gawk
configure:3817: found /usr/bin/gawk
configure:3828: result: gawk
configure:3871: checking whether to enable phpjs support
configure:3910: result: yes, shared
configure:4224: checking how to print strings
configure:4251: result: printf
configure:4272: checking for a sed that does not truncate output
configure:4336: result: /bin/sed
configure:4354: checking for fgrep
configure:4416: result: /bin/grep -F
configure:4451: checking for ld used by cc
configure:4518: result: /usr/bin/arm-linux-gnueabihf-ld
configure:4525: checking if the linker (/usr/bin/arm-linux-gnueabihf-ld) is GNU ld
configure:4540: result: yes
configure:4552: checking for BSD- or MS-compatible name lister (nm)
configure:4606: result: /usr/bin/nm -B
configure:4736: checking the name lister (/usr/bin/nm -B) interface
configure:4743: cc -c -g -O2  conftest.c >&5
configure:4746: /usr/bin/nm -B "conftest.o"
configure:4749: output
00000000 B some_variable
configure:4756: result: BSD nm
configure:4759: checking whether ln -s works
configure:4763: result: yes
configure:4771: checking the maximum length of command line arguments
configure:4902: result: 1572864
configure:4950: checking how to convert armv7l-unknown-linux-gnueabihf file names to armv7l-unknown-linux-gnueabihf format
configure:4990: result: func_convert_file_noop
configure:4997: checking how to convert armv7l-unknown-linux-gnueabihf file names to toolchain format
configure:5017: result: func_convert_file_noop
configure:5024: checking for /usr/bin/arm-linux-gnueabihf-ld option to reload object files
configure:5031: result: -r
configure:5105: checking for objdump
configure:5121: found /usr/bin/objdump
configure:5132: result: objdump
configure:5164: checking how to recognize dependent libraries
configure:5364: result: pass_all
configure:5449: checking for dlltool
configure:5479: result: no
configure:5509: checking how to associate runtime and link libraries
configure:5536: result: printf %s\n
configure:5596: checking for ar
configure:5612: found /usr/bin/ar
configure:5623: result: ar
configure:5660: checking for archiver @FILE support
configure:5677: cc -c -g -O2  conftest.c >&5
configure:5677: $? = 0
configure:5680: ar cru libconftest.a @conftest.lst >&5
ar: `u' modifier ignored since `D' is the default (see `U')
configure:5683: $? = 0
configure:5688: ar cru libconftest.a @conftest.lst >&5
ar: `u' modifier ignored since `D' is the default (see `U')
ar: conftest.o: No such file or directory
configure:5691: $? = 1
configure:5703: result: @
configure:5761: checking for strip
configure:5777: found /usr/bin/strip
configure:5788: result: strip
configure:5860: checking for ranlib
configure:5876: found /usr/bin/ranlib
configure:5887: result: ranlib
configure:5964: checking for gawk
configure:5991: result: gawk
configure:6031: checking command to parse /usr/bin/nm -B output from cc object
configure:6184: cc -c -g -O2  conftest.c >&5
configure:6187: $? = 0
configure:6191: /usr/bin/nm -B conftest.o \| sed -n -e 's/^.*[ ]\([ABCDGIRSTW][ABCDGIRSTW]*\)[ ][ ]*\([_A-Za-z][_A-Za-z0-9]*\)$/\1 \2 \2/p' | sed '/ __gnu_lto/d' \> conftest.nm
configure:6194: $? = 0
configure:6260: cc -o conftest -g -O2   conftest.c conftstm.o >&5
configure:6263: $? = 0
configure:6301: result: ok
configure:6348: checking for sysroot
configure:6378: result: no
configure:6385: checking for a working dd
configure:6423: result: /bin/dd
configure:6427: checking how to truncate binary pipes
configure:6442: result: /bin/dd bs=4096 count=1
configure:6771: checking for mt
configure:6787: found /bin/mt
configure:6798: result: mt
configure:6821: checking if mt is a manifest tool
configure:6827: mt '-?'
configure:6835: result: no
configure:7507: checking for ANSI C header files
configure:7527: cc -c -g -O2  conftest.c >&5
configure:7527: $? = 0
configure:7600: cc -o conftest -g -O2   conftest.c  >&5
configure:7600: $? = 0
configure:7600: ./conftest
configure:7600: $? = 0
configure:7611: result: yes
configure:7624: checking for sys/types.h
configure:7624: cc -c -g -O2  conftest.c >&5
configure:7624: $? = 0
configure:7624: result: yes
configure:7624: checking for sys/stat.h
configure:7624: cc -c -g -O2  conftest.c >&5
configure:7624: $? = 0
configure:7624: result: yes
configure:7624: checking for stdlib.h
configure:7624: cc -c -g -O2  conftest.c >&5
configure:7624: $? = 0
configure:7624: result: yes
configure:7624: checking for string.h
configure:7624: cc -c -g -O2  conftest.c >&5
configure:7624: $? = 0
configure:7624: result: yes
configure:7624: checking for memory.h
configure:7624: cc -c -g -O2  conftest.c >&5
configure:7624: $? = 0
configure:7624: result: yes
configure:7624: checking for strings.h
configure:7624: cc -c -g -O2  conftest.c >&5
configure:7624: $? = 0
configure:7624: result: yes
configure:7624: checking for inttypes.h
configure:7624: cc -c -g -O2  conftest.c >&5
configure:7624: $? = 0
configure:7624: result: yes
configure:7624: checking for stdint.h
configure:7624: cc -c -g -O2  conftest.c >&5
configure:7624: $? = 0
configure:7624: result: yes
configure:7624: checking for unistd.h
configure:7624: cc -c -g -O2  conftest.c >&5
configure:7624: $? = 0
configure:7624: result: yes
configure:7638: checking for dlfcn.h
configure:7638: cc -c -g -O2  conftest.c >&5
configure:7638: $? = 0
configure:7638: result: yes
configure:7894: checking for objdir
configure:7909: result: .libs
configure:8173: checking if cc supports -fno-rtti -fno-exceptions
configure:8191: cc -c -g -O2  -fno-rtti -fno-exceptions conftest.c >&5
cc1: warning: command line option '-fno-rtti' is valid for C++/ObjC++ but not for C
configure:8195: $? = 0
configure:8208: result: no
configure:8566: checking for cc option to produce PIC
configure:8573: result: -fPIC -DPIC
configure:8581: checking if cc PIC flag -fPIC -DPIC works
configure:8599: cc -c -g -O2  -fPIC -DPIC -DPIC conftest.c >&5
configure:8603: $? = 0
configure:8616: result: yes
configure:8645: checking if cc static flag -static works
configure:8673: result: yes
configure:8688: checking if cc supports -c -o file.o
configure:8709: cc -c -g -O2  -o out/conftest2.o conftest.c >&5
configure:8713: $? = 0
configure:8735: result: yes
configure:8743: checking if cc supports -c -o file.o
configure:8790: result: yes
configure:8823: checking whether the cc linker (/usr/bin/arm-linux-gnueabihf-ld) supports shared libraries
configure:10086: result: yes
configure:10123: checking whether -lc should be explicitly linked in
configure:10131: cc -c -g -O2  conftest.c >&5
configure:10134: $? = 0
configure:10149: cc -shared  -fPIC -DPIC conftest.o  -v -Wl,-soname -Wl,conftest -o conftest 2\>\&1 \| /bin/grep  -lc  \>/dev/null 2\>\&1
configure:10152: $? = 0
configure:10166: result: no
configure:10326: checking dynamic linker characteristics
configure:10907: cc -o conftest -g -O2   -Wl,-rpath -Wl,/foo conftest.c  >&5
configure:10907: $? = 0
configure:11156: result: GNU/Linux ld.so
configure:11278: checking how to hardcode library paths into programs
configure:11303: result: immediate
configure:11851: checking whether stripping libraries is possible
configure:11856: result: yes
configure:11891: checking if libtool supports shared libraries
configure:11893: result: yes
configure:11896: checking whether to build shared libraries
configure:11921: result: yes
configure:11924: checking whether to build static libraries
configure:11928: result: no
configure:12204: creating ./config.status

## ---------------------- ##
## Running config.status. ##
## ---------------------- ##

This file was extended by config.status, which was
generated by GNU Autoconf 2.69.  Invocation command line was

  CONFIG_FILES    = 
  CONFIG_HEADERS  = 
  CONFIG_LINKS    = 
  CONFIG_COMMANDS = 
  $ ./config.status 

on daves.app

config.status:888: creating config.h
config.status:978: config.h is unchanged
config.status:992: executing libtool commands

## ---------------- ##
## Cache variables. ##
## ---------------- ##

ac_cv_build=armv7l-unknown-linux-gnueabihf
ac_cv_c_compiler_gnu=yes
ac_cv_env_CC_set=
ac_cv_env_CC_value=
ac_cv_env_CFLAGS_set=
ac_cv_env_CFLAGS_value=
ac_cv_env_CPPFLAGS_set=
ac_cv_env_CPPFLAGS_value=
ac_cv_env_CPP_set=
ac_cv_env_CPP_value=
ac_cv_env_LDFLAGS_set=
ac_cv_env_LDFLAGS_value=
ac_cv_env_LIBS_set=
ac_cv_env_LIBS_value=
ac_cv_env_LT_SYS_LIBRARY_PATH_set=
ac_cv_env_LT_SYS_LIBRARY_PATH_value=
ac_cv_env_build_alias_set=
ac_cv_env_build_alias_value=
ac_cv_env_host_alias_set=
ac_cv_env_host_alias_value=
ac_cv_env_target_alias_set=
ac_cv_env_target_alias_value=
ac_cv_header_dlfcn_h=yes
ac_cv_header_inttypes_h=yes
ac_cv_header_memory_h=yes
ac_cv_header_stdc=yes
ac_cv_header_stdint_h=yes
ac_cv_header_stdlib_h=yes
ac_cv_header_string_h=yes
ac_cv_header_strings_h=yes
ac_cv_header_sys_stat_h=yes
ac_cv_header_sys_types_h=yes
ac_cv_header_unistd_h=yes
ac_cv_host=armv7l-unknown-linux-gnueabihf
ac_cv_objext=o
ac_cv_path_EGREP='/bin/grep -E'
ac_cv_path_FGREP='/bin/grep -F'
ac_cv_path_GREP=/bin/grep
ac_cv_path_SED=/bin/sed
ac_cv_path_lt_DD=/bin/dd
ac_cv_prog_AWK=gawk
ac_cv_prog_CPP='cc -E'
ac_cv_prog_RE2C=re2c
ac_cv_prog_ac_ct_AR=ar
ac_cv_prog_ac_ct_CC=cc
ac_cv_prog_ac_ct_MANIFEST_TOOL=mt
ac_cv_prog_ac_ct_OBJDUMP=objdump
ac_cv_prog_ac_ct_RANLIB=ranlib
ac_cv_prog_ac_ct_STRIP=strip
ac_cv_prog_cc_c89=
ac_cv_prog_cc_cc_c_o=yes
ac_cv_prog_cc_g=yes
ac_cv_target=armv7l-unknown-linux-gnueabihf
lt_cv_ar_at_file=@
lt_cv_archive_cmds_need_lc=no
lt_cv_deplibs_check_method=pass_all
lt_cv_file_magic_cmd='$MAGIC_CMD'
lt_cv_file_magic_test_file=
lt_cv_ld_reload_flag=-r
lt_cv_nm_interface='BSD nm'
lt_cv_objdir=.libs
lt_cv_path_LD=/usr/bin/arm-linux-gnueabihf-ld
lt_cv_path_NM='/usr/bin/nm -B'
lt_cv_path_mainfest_tool=no
lt_cv_prog_compiler_c_o=yes
lt_cv_prog_compiler_pic='-fPIC -DPIC'
lt_cv_prog_compiler_pic_works=yes
lt_cv_prog_compiler_rtti_exceptions=no
lt_cv_prog_compiler_static_works=yes
lt_cv_prog_gnu_ld=yes
lt_cv_sharedlib_from_linklib_cmd='printf %s\n'
lt_cv_shlibpath_overrides_runpath=yes
lt_cv_sys_global_symbol_pipe='sed -n -e '\''s/^.*[	 ]\([ABCDGIRSTW][ABCDGIRSTW]*\)[	 ][	 ]*\([_A-Za-z][_A-Za-z0-9]*\)$/\1 \2 \2/p'\'' | sed '\''/ __gnu_lto/d'\'''
lt_cv_sys_global_symbol_to_c_name_address='sed -n -e '\''s/^: \(.*\) .*$/  {"\1", (void *) 0},/p'\'' -e '\''s/^[ABCDGIRSTW][ABCDGIRSTW]* .* \(.*\)$/  {"\1", (void *) \&\1},/p'\'''
lt_cv_sys_global_symbol_to_c_name_address_lib_prefix='sed -n -e '\''s/^: \(.*\) .*$/  {"\1", (void *) 0},/p'\'' -e '\''s/^[ABCDGIRSTW][ABCDGIRSTW]* .* \(lib.*\)$/  {"\1", (void *) \&\1},/p'\'' -e '\''s/^[ABCDGIRSTW][ABCDGIRSTW]* .* \(.*\)$/  {"lib\1", (void *) \&\1},/p'\'''
lt_cv_sys_global_symbol_to_cdecl='sed -n -e '\''s/^T .* \(.*\)$/extern int \1();/p'\'' -e '\''s/^[ABCDGIRSTW][ABCDGIRSTW]* .* \(.*\)$/extern char \1;/p'\'''
lt_cv_sys_global_symbol_to_import=
lt_cv_sys_max_cmd_len=1572864
lt_cv_to_host_file_cmd=func_convert_file_noop
lt_cv_to_tool_file_cmd=func_convert_file_noop
lt_cv_truncate_bin='/bin/dd bs=4096 count=1'
php_cv_cc_dashr=yes
php_cv_re2c_version='1.0.1 (ok)'

## ----------------- ##
## Output variables. ##
## ----------------- ##

AR='ar'
AWK='gawk'
CC='cc'
CFLAGS='-g -O2'
CONFIGURE_COMMAND=' '\''./configure'\''  '\''--enable-phpjs'\'''
CONFIGURE_OPTIONS=' '\''--enable-phpjs'\'''
CPP='cc -E'
CPPFLAGS=' -DHAVE_CONFIG_H'
DEFS='-DHAVE_CONFIG_H'
DLLTOOL='false'
DSYMUTIL=''
DUMPBIN=''
ECHO_C=''
ECHO_N='-n'
ECHO_T=''
EGREP='/bin/grep -E'
EXEEXT=''
FGREP='/bin/grep -F'
GREP='/bin/grep'
LD='/usr/bin/arm-linux-gnueabihf-ld'
LDFLAGS=''
LIBOBJS=''
LIBS=''
LIBTOOL='$(SHELL) $(top_builddir)/libtool'
LIPO=''
LN_S='ln -s'
LTLIBOBJS=''
LT_SYS_LIBRARY_PATH=''
MANIFEST_TOOL=':'
NM='/usr/bin/nm -B'
NMEDIT=''
OBJDUMP='objdump'
OBJEXT='o'
OTOOL64=''
OTOOL=''
PACKAGE_BUGREPORT=''
PACKAGE_NAME=''
PACKAGE_STRING=''
PACKAGE_TARNAME=''
PACKAGE_URL=''
PACKAGE_VERSION=''
PATH_SEPARATOR=':'
RANLIB='ranlib'
RE2C='re2c'
SED='/bin/sed'
SHELL='/bin/bash'
SHLIB_DL_SUFFIX_NAME='so'
SHLIB_SUFFIX_NAME='so'
STRIP='strip'
ac_ct_AR='ar'
ac_ct_CC='cc'
ac_ct_DUMPBIN=''
bindir='${exec_prefix}/bin'
build='armv7l-unknown-linux-gnueabihf'
build_alias=''
build_cpu='armv7l'
build_os='linux-gnueabihf'
build_vendor='unknown'
datadir='${datarootdir}'
datarootdir='${prefix}/share'
docdir='${datarootdir}/doc/${PACKAGE}'
dvidir='${docdir}'
exec_prefix='$(prefix)'
host='armv7l-unknown-linux-gnueabihf'
host_alias='armv7l-unknown-linux-gnueabihf'
host_cpu='armv7l'
host_os='linux-gnueabihf'
host_vendor='unknown'
htmldir='${docdir}'
includedir='${prefix}/include'
infodir='${datarootdir}/info'
libdir='${exec_prefix}/lib'
libexecdir='${exec_prefix}/libexec'
localedir='${datarootdir}/locale'
localstatedir='${prefix}/var'
mandir='${datarootdir}/man'
oldincludedir='/usr/include'
pdfdir='${docdir}'
prefix='/usr'
program_transform_name='s,x,x,'
psdir='${docdir}'
runstatedir='${localstatedir}/run'
sbindir='${exec_prefix}/sbin'
sharedstatedir='${prefix}/com'
sysconfdir='${prefix}/etc'
target='armv7l-unknown-linux-gnueabihf'
target_alias=''
target_cpu='armv7l'
target_os='linux-gnueabihf'
target_vendor='unknown'

## ----------- ##
## confdefs.h. ##
## ----------- ##

/* confdefs.h */
#define PACKAGE_NAME ""
#define PACKAGE_TARNAME ""
#define PACKAGE_VERSION ""
#define PACKAGE_STRING ""
#define PACKAGE_BUGREPORT ""
#define PACKAGE_URL ""
#define COMPILE_DL_PHPJS 1
#define STDC_HEADERS 1
#define HAVE_SYS_TYPES_H 1
#define HAVE_SYS_STAT_H 1
#define HAVE_STDLIB_H 1
#define HAVE_STRING_H 1
#define HAVE_MEMORY_H 1
#define HAVE_STRINGS_H 1
#define HAVE_INTTYPES_H 1
#define HAVE_STDINT_H 1
#define HAVE_UNISTD_H 1
#define HAVE_DLFCN_H 1
#define LT_OBJDIR ".libs/"

configure: exit 0
